{"contracts\\IProjectManagement.sol":{"l":{},"path":"C:\\Users\\Cha\\Desktop\\My Thesis\\IS_SmartContract\\contracts\\contracts\\IProjectManagement.sol","s":{},"b":{},"f":{},"fnMap":{},"statementMap":{},"branchMap":{}},"contracts\\MockedUSDC.sol":{"l":{"14":0,"18":0,"22":0},"path":"C:\\Users\\Cha\\Desktop\\My Thesis\\IS_SmartContract\\contracts\\contracts\\MockedUSDC.sol","s":{"1":0,"2":0,"3":0},"b":{"1":[0,0]},"f":{"1":0,"2":0,"3":0},"fnMap":{"1":{"name":"constructor","line":12,"loc":{"start":{"line":9,"column":4},"end":{"line":15,"column":4}}},"2":{"name":"decimals","line":17,"loc":{"start":{"line":17,"column":4},"end":{"line":19,"column":4}}},"3":{"name":"mint","line":21,"loc":{"start":{"line":21,"column":4},"end":{"line":23,"column":4}}}},"statementMap":{"1":{"start":{"line":14,"column":8},"end":{"line":14,"column":39}},"2":{"start":{"line":18,"column":8},"end":{"line":18,"column":16}},"3":{"start":{"line":22,"column":8},"end":{"line":22,"column":24}}},"branchMap":{"1":{"line":21,"type":"if","locations":[{"start":{"line":21,"column":53},"end":{"line":21,"column":53}},{"start":{"line":21,"column":53},"end":{"line":21,"column":53}}]}}},"contracts\\ProjectFactory.sol":{"l":{"18":0,"33":0,"38":0,"41":0,"51":0,"54":0,"55":0,"56":0,"58":0},"path":"C:\\Users\\Cha\\Desktop\\My Thesis\\IS_SmartContract\\contracts\\contracts\\ProjectFactory.sol","s":{"1":0,"2":0,"3":0,"4":0,"5":0,"6":0,"7":0,"8":0},"b":{},"f":{"1":0,"2":0},"fnMap":{"1":{"name":"constructor","line":17,"loc":{"start":{"line":17,"column":4},"end":{"line":19,"column":4}}},"2":{"name":"createProject","line":21,"loc":{"start":{"line":21,"column":4},"end":{"line":64,"column":4}}}},"statementMap":{"1":{"start":{"line":33,"column":8},"end":{"line":33,"column":830}},"2":{"start":{"line":38,"column":8},"end":{"line":38,"column":53}},"3":{"start":{"line":41,"column":8},"end":{"line":41,"column":1068}},"4":{"start":{"line":51,"column":8},"end":{"line":51,"column":63}},"5":{"start":{"line":54,"column":8},"end":{"line":54,"column":60}},"6":{"start":{"line":55,"column":8},"end":{"line":55,"column":49}},"7":{"start":{"line":56,"column":8},"end":{"line":56,"column":57}},"8":{"start":{"line":58,"column":8},"end":{"line":58,"column":1700}}},"branchMap":{}},"contracts\\ProjectManagement.sol":{"l":{"57":41,"58":41,"59":41,"60":41,"61":41,"62":41,"64":41,"65":40,"66":39,"67":39,"72":91,"73":84,"77":33,"78":30,"82":51,"83":50,"84":50,"86":49,"88":49,"89":48,"91":49,"92":49,"93":49,"95":49,"96":22,"103":16,"104":16,"106":16,"107":16,"108":2,"111":16,"112":28,"113":28,"114":28,"115":28,"116":28,"120":16,"122":16,"123":15,"124":15,"125":15,"126":15,"131":4,"132":4,"134":3,"135":3,"137":3,"138":2,"141":3,"142":3,"146":6,"147":6,"149":6,"150":6,"152":6,"153":4,"156":6,"157":5,"160":6,"164":67,"165":67,"170":63,"171":63,"176":5,"178":5,"179":5,"182":3,"183":3,"184":3,"188":4,"189":3,"193":3,"194":3,"197":2,"200":2,"201":2},"path":"C:\\Users\\Cha\\Desktop\\My Thesis\\IS_SmartContract\\contracts\\contracts\\ProjectManagement.sol","s":{"1":41,"2":40,"3":91,"4":33,"5":51,"6":50,"7":50,"8":49,"9":49,"10":48,"11":49,"12":49,"13":16,"14":16,"15":16,"16":16,"17":16,"18":28,"19":28,"20":28,"21":28,"22":16,"23":15,"24":15,"25":4,"26":4,"27":3,"28":3,"29":3,"30":2,"31":3,"32":3,"33":6,"34":6,"35":6,"36":6,"37":6,"38":4,"39":6,"40":6,"41":67,"42":67,"43":5,"44":5,"45":5,"46":3,"47":3,"48":4,"49":3,"50":3,"51":2,"52":2},"b":{"1":[40,1],"2":[39,1],"3":[84,7],"4":[30,3],"5":[51,1],"6":[51,0],"7":[50,1],"8":[49,1],"9":[48,1],"10":[22,27],"11":[18,1],"12":[16,2],"13":[2,14],"14":[28,0],"15":[15,1],"16":[15,0],"17":[5,1],"18":[4,1],"19":[4,0],"20":[3,1],"21":[2,1],"22":[7,1],"23":[6,1],"24":[4,2],"25":[5,1],"26":[5,0],"27":[3,2],"28":[4,1],"29":[3,1],"30":[3,1],"31":[3,0],"32":[2,1]},"f":{"1":41,"2":91,"3":33,"4":51,"5":16,"6":4,"7":6,"8":67,"9":63,"10":5,"11":4,"12":3},"fnMap":{"1":{"name":"constructor","line":55,"loc":{"start":{"line":45,"column":4},"end":{"line":68,"column":4}}},"2":{"name":"inState","line":71,"loc":{"start":{"line":71,"column":4},"end":{"line":74,"column":4}}},"3":{"name":"onlyCreator","line":76,"loc":{"start":{"line":76,"column":4},"end":{"line":79,"column":4}}},"4":{"name":"invest","line":81,"loc":{"start":{"line":81,"column":4},"end":{"line":98,"column":4}}},"5":{"name":"mintTokens","line":101,"loc":{"start":{"line":101,"column":4},"end":{"line":128,"column":4}}},"6":{"name":"withdrawFunds","line":130,"loc":{"start":{"line":130,"column":4},"end":{"line":143,"column":4}}},"7":{"name":"depositReward","line":145,"loc":{"start":{"line":145,"column":4},"end":{"line":161,"column":4}}},"8":{"name":"earned","line":163,"loc":{"start":{"line":163,"column":4},"end":{"line":166,"column":4}}},"9":{"name":"updateReward","line":168,"loc":{"start":{"line":168,"column":4},"end":{"line":172,"column":4}}},"10":{"name":"claimReward","line":174,"loc":{"start":{"line":174,"column":4},"end":{"line":185,"column":4}}},"11":{"name":"checkCampaignFailed","line":187,"loc":{"start":{"line":187,"column":4},"end":{"line":190,"column":4}}},"12":{"name":"claimRefund","line":192,"loc":{"start":{"line":192,"column":4},"end":{"line":202,"column":4}}}},"statementMap":{"1":{"start":{"line":64,"column":8},"end":{"line":64,"column":72}},"2":{"start":{"line":65,"column":8},"end":{"line":65,"column":68}},"3":{"start":{"line":72,"column":8},"end":{"line":72,"column":55}},"4":{"start":{"line":77,"column":8},"end":{"line":77,"column":56}},"5":{"start":{"line":82,"column":8},"end":{"line":82,"column":67}},"6":{"start":{"line":83,"column":8},"end":{"line":83,"column":66}},"7":{"start":{"line":84,"column":8},"end":{"line":84,"column":87}},"8":{"start":{"line":86,"column":8},"end":{"line":86,"column":68}},"9":{"start":{"line":88,"column":8},"end":{"line":88,"column":3420}},"10":{"start":{"line":89,"column":12},"end":{"line":89,"column":40}},"11":{"start":{"line":93,"column":8},"end":{"line":93,"column":45}},"12":{"start":{"line":95,"column":8},"end":{"line":95,"column":3665}},"13":{"start":{"line":103,"column":8},"end":{"line":103,"column":55}},"14":{"start":{"line":104,"column":8},"end":{"line":104,"column":47}},"15":{"start":{"line":106,"column":8},"end":{"line":106,"column":37}},"16":{"start":{"line":107,"column":8},"end":{"line":107,"column":4065}},"17":{"start":{"line":111,"column":8},"end":{"line":111,"column":4156}},"18":{"start":{"line":112,"column":12},"end":{"line":112,"column":46}},"19":{"start":{"line":113,"column":12},"end":{"line":113,"column":4263}},"20":{"start":{"line":114,"column":16},"end":{"line":114,"column":62}},"21":{"start":{"line":115,"column":16},"end":{"line":115,"column":56}},"22":{"start":{"line":122,"column":8},"end":{"line":122,"column":4558}},"23":{"start":{"line":123,"column":12},"end":{"line":123,"column":75}},"24":{"start":{"line":126,"column":12},"end":{"line":126,"column":47}},"25":{"start":{"line":131,"column":8},"end":{"line":131,"column":59}},"26":{"start":{"line":132,"column":8},"end":{"line":132,"column":50}},"27":{"start":{"line":134,"column":8},"end":{"line":134,"column":70}},"28":{"start":{"line":135,"column":8},"end":{"line":135,"column":52}},"29":{"start":{"line":137,"column":8},"end":{"line":137,"column":5227}},"30":{"start":{"line":138,"column":12},"end":{"line":138,"column":51}},"31":{"start":{"line":141,"column":8},"end":{"line":141,"column":49}},"32":{"start":{"line":142,"column":8},"end":{"line":142,"column":55}},"33":{"start":{"line":146,"column":8},"end":{"line":146,"column":56}},"34":{"start":{"line":147,"column":8},"end":{"line":147,"column":68}},"35":{"start":{"line":149,"column":8},"end":{"line":149,"column":72}},"36":{"start":{"line":150,"column":8},"end":{"line":150,"column":58}},"37":{"start":{"line":152,"column":8},"end":{"line":152,"column":5817}},"38":{"start":{"line":153,"column":12},"end":{"line":153,"column":51}},"39":{"start":{"line":156,"column":8},"end":{"line":156,"column":5917}},"40":{"start":{"line":160,"column":8},"end":{"line":160,"column":58}},"41":{"start":{"line":164,"column":8},"end":{"line":164,"column":131}},"42":{"start":{"line":165,"column":8},"end":{"line":165,"column":46}},"43":{"start":{"line":176,"column":8},"end":{"line":176,"column":31}},"44":{"start":{"line":178,"column":8},"end":{"line":178,"column":53}},"45":{"start":{"line":179,"column":8},"end":{"line":179,"column":58}},"46":{"start":{"line":183,"column":8},"end":{"line":183,"column":54}},"47":{"start":{"line":184,"column":8},"end":{"line":184,"column":55}},"48":{"start":{"line":188,"column":8},"end":{"line":188,"column":83}},"49":{"start":{"line":193,"column":8},"end":{"line":193,"column":56}},"50":{"start":{"line":194,"column":8},"end":{"line":194,"column":61}},"51":{"start":{"line":200,"column":8},"end":{"line":200,"column":51}},"52":{"start":{"line":201,"column":8},"end":{"line":201,"column":47}}},"branchMap":{"1":{"line":64,"type":"if","locations":[{"start":{"line":64,"column":8},"end":{"line":64,"column":8}},{"start":{"line":64,"column":8},"end":{"line":64,"column":8}}]},"2":{"line":65,"type":"if","locations":[{"start":{"line":65,"column":8},"end":{"line":65,"column":8}},{"start":{"line":65,"column":8},"end":{"line":65,"column":8}}]},"3":{"line":72,"type":"if","locations":[{"start":{"line":72,"column":8},"end":{"line":72,"column":8}},{"start":{"line":72,"column":8},"end":{"line":72,"column":8}}]},"4":{"line":77,"type":"if","locations":[{"start":{"line":77,"column":8},"end":{"line":77,"column":8}},{"start":{"line":77,"column":8},"end":{"line":77,"column":8}}]},"5":{"line":81,"type":"if","locations":[{"start":{"line":81,"column":47},"end":{"line":81,"column":47}},{"start":{"line":81,"column":47},"end":{"line":81,"column":47}}]},"6":{"line":81,"type":"if","locations":[{"start":{"line":81,"column":70},"end":{"line":81,"column":70}},{"start":{"line":81,"column":70},"end":{"line":81,"column":70}}]},"7":{"line":82,"type":"if","locations":[{"start":{"line":82,"column":8},"end":{"line":82,"column":8}},{"start":{"line":82,"column":8},"end":{"line":82,"column":8}}]},"8":{"line":84,"type":"if","locations":[{"start":{"line":84,"column":8},"end":{"line":84,"column":8}},{"start":{"line":84,"column":8},"end":{"line":84,"column":8}}]},"9":{"line":88,"type":"if","locations":[{"start":{"line":88,"column":8},"end":{"line":88,"column":8}},{"start":{"line":88,"column":8},"end":{"line":88,"column":8}}]},"10":{"line":95,"type":"if","locations":[{"start":{"line":95,"column":8},"end":{"line":95,"column":8}},{"start":{"line":95,"column":8},"end":{"line":95,"column":8}}]},"11":{"line":101,"type":"if","locations":[{"start":{"line":101,"column":47},"end":{"line":101,"column":47}},{"start":{"line":101,"column":47},"end":{"line":101,"column":47}}]},"12":{"line":101,"type":"if","locations":[{"start":{"line":101,"column":59},"end":{"line":101,"column":59}},{"start":{"line":101,"column":59},"end":{"line":101,"column":59}}]},"13":{"line":107,"type":"if","locations":[{"start":{"line":107,"column":8},"end":{"line":107,"column":8}},{"start":{"line":107,"column":8},"end":{"line":107,"column":8}}]},"14":{"line":113,"type":"if","locations":[{"start":{"line":113,"column":12},"end":{"line":113,"column":12}},{"start":{"line":113,"column":12},"end":{"line":113,"column":12}}]},"15":{"line":122,"type":"if","locations":[{"start":{"line":122,"column":8},"end":{"line":122,"column":8}},{"start":{"line":122,"column":8},"end":{"line":122,"column":8}}]},"16":{"line":123,"type":"if","locations":[{"start":{"line":123,"column":12},"end":{"line":123,"column":12}},{"start":{"line":123,"column":12},"end":{"line":123,"column":12}}]},"17":{"line":130,"type":"if","locations":[{"start":{"line":130,"column":36},"end":{"line":130,"column":36}},{"start":{"line":130,"column":36},"end":{"line":130,"column":36}}]},"18":{"line":130,"type":"if","locations":[{"start":{"line":130,"column":48},"end":{"line":130,"column":48}},{"start":{"line":130,"column":48},"end":{"line":130,"column":48}}]},"19":{"line":130,"type":"if","locations":[{"start":{"line":130,"column":70},"end":{"line":130,"column":70}},{"start":{"line":130,"column":70},"end":{"line":130,"column":70}}]},"20":{"line":132,"type":"if","locations":[{"start":{"line":132,"column":8},"end":{"line":132,"column":8}},{"start":{"line":132,"column":8},"end":{"line":132,"column":8}}]},"21":{"line":137,"type":"if","locations":[{"start":{"line":137,"column":8},"end":{"line":137,"column":8}},{"start":{"line":137,"column":8},"end":{"line":137,"column":8}}]},"22":{"line":145,"type":"if","locations":[{"start":{"line":145,"column":54},"end":{"line":145,"column":54}},{"start":{"line":145,"column":54},"end":{"line":145,"column":54}}]},"23":{"line":145,"type":"if","locations":[{"start":{"line":145,"column":66},"end":{"line":145,"column":66}},{"start":{"line":145,"column":66},"end":{"line":145,"column":66}}]},"24":{"line":152,"type":"if","locations":[{"start":{"line":152,"column":8},"end":{"line":152,"column":8}},{"start":{"line":152,"column":8},"end":{"line":152,"column":8}}]},"25":{"line":156,"type":"if","locations":[{"start":{"line":156,"column":8},"end":{"line":156,"column":8}},{"start":{"line":156,"column":8},"end":{"line":156,"column":8}}]},"26":{"line":174,"type":"if","locations":[{"start":{"line":174,"column":34},"end":{"line":174,"column":34}},{"start":{"line":174,"column":34},"end":{"line":174,"column":34}}]},"27":{"line":179,"type":"if","locations":[{"start":{"line":179,"column":8},"end":{"line":179,"column":8}},{"start":{"line":179,"column":8},"end":{"line":179,"column":8}}]},"28":{"line":187,"type":"if","locations":[{"start":{"line":187,"column":42},"end":{"line":187,"column":42}},{"start":{"line":187,"column":42},"end":{"line":187,"column":42}}]},"29":{"line":188,"type":"if","locations":[{"start":{"line":188,"column":8},"end":{"line":188,"column":8}},{"start":{"line":188,"column":8},"end":{"line":188,"column":8}}]},"30":{"line":192,"type":"if","locations":[{"start":{"line":192,"column":34},"end":{"line":192,"column":34}},{"start":{"line":192,"column":34},"end":{"line":192,"column":34}}]},"31":{"line":192,"type":"if","locations":[{"start":{"line":192,"column":56},"end":{"line":192,"column":56}},{"start":{"line":192,"column":56},"end":{"line":192,"column":56}}]},"32":{"line":194,"type":"if","locations":[{"start":{"line":194,"column":8},"end":{"line":194,"column":8}},{"start":{"line":194,"column":8},"end":{"line":194,"column":8}}]}}},"contracts\\ProjectToken.sol":{"l":{"29":1,"33":39,"34":39,"38":79,"39":79,"43":71,"44":70,"49":246,"51":29,"52":29,"54":246},"path":"C:\\Users\\Cha\\Desktop\\My Thesis\\IS_SmartContract\\contracts\\contracts\\ProjectToken.sol","s":{"1":1,"2":39,"3":79,"4":71,"5":70,"6":246,"7":29,"8":29,"9":246},"b":{"1":[39,1],"2":[79,1],"3":[70,1],"4":[29,217]},"f":{"1":82,"2":1,"3":39,"4":79,"5":71,"6":246},"fnMap":{"1":{"name":"constructor","line":24,"loc":{"start":{"line":17,"column":4},"end":{"line":26,"column":4}}},"2":{"name":"decimals","line":28,"loc":{"start":{"line":28,"column":4},"end":{"line":30,"column":4}}},"3":{"name":"setProjectManagement","line":32,"loc":{"start":{"line":32,"column":4},"end":{"line":35,"column":4}}},"4":{"name":"setMinter","line":37,"loc":{"start":{"line":37,"column":4},"end":{"line":40,"column":4}}},"5":{"name":"mint","line":42,"loc":{"start":{"line":42,"column":4},"end":{"line":45,"column":4}}},"6":{"name":"_update","line":48,"loc":{"start":{"line":48,"column":4},"end":{"line":55,"column":4}}}},"statementMap":{"1":{"start":{"line":29,"column":8},"end":{"line":29,"column":16}},"2":{"start":{"line":34,"column":8},"end":{"line":34,"column":54}},"3":{"start":{"line":39,"column":8},"end":{"line":39,"column":35}},"4":{"start":{"line":43,"column":8},"end":{"line":43,"column":78}},"5":{"start":{"line":44,"column":8},"end":{"line":44,"column":24}},"6":{"start":{"line":49,"column":8},"end":{"line":49,"column":1661}},"7":{"start":{"line":51,"column":12},"end":{"line":51,"column":47}},"8":{"start":{"line":52,"column":12},"end":{"line":52,"column":45}},"9":{"start":{"line":54,"column":8},"end":{"line":54,"column":37}}},"branchMap":{"1":{"line":32,"type":"if","locations":[{"start":{"line":32,"column":69},"end":{"line":32,"column":69}},{"start":{"line":32,"column":69},"end":{"line":32,"column":69}}]},"2":{"line":37,"type":"if","locations":[{"start":{"line":37,"column":47},"end":{"line":37,"column":47}},{"start":{"line":37,"column":47},"end":{"line":37,"column":47}}]},"3":{"line":43,"type":"if","locations":[{"start":{"line":43,"column":8},"end":{"line":43,"column":8}},{"start":{"line":43,"column":8},"end":{"line":43,"column":8}}]},"4":{"line":49,"type":"if","locations":[{"start":{"line":49,"column":8},"end":{"line":49,"column":8}},{"start":{"line":49,"column":8},"end":{"line":49,"column":8}}]}}}}