{"contracts\\IProjectManagement.sol":{"l":{},"path":"C:\\Users\\Cha\\Desktop\\My Thesis\\IS_SmartContract\\contracts\\contracts\\IProjectManagement.sol","s":{},"b":{},"f":{},"fnMap":{},"statementMap":{},"branchMap":{}},"contracts\\MockedUSDC.sol":{"l":{"14":0,"18":0,"22":0},"path":"C:\\Users\\Cha\\Desktop\\My Thesis\\IS_SmartContract\\contracts\\contracts\\MockedUSDC.sol","s":{"1":0,"2":0,"3":0},"b":{"1":[0,0]},"f":{"1":0,"2":0,"3":0},"fnMap":{"1":{"name":"constructor","line":12,"loc":{"start":{"line":9,"column":4},"end":{"line":15,"column":4}}},"2":{"name":"decimals","line":17,"loc":{"start":{"line":17,"column":4},"end":{"line":19,"column":4}}},"3":{"name":"mint","line":21,"loc":{"start":{"line":21,"column":4},"end":{"line":23,"column":4}}}},"statementMap":{"1":{"start":{"line":14,"column":8},"end":{"line":14,"column":39}},"2":{"start":{"line":18,"column":8},"end":{"line":18,"column":16}},"3":{"start":{"line":22,"column":8},"end":{"line":22,"column":24}}},"branchMap":{"1":{"line":21,"type":"if","locations":[{"start":{"line":21,"column":53},"end":{"line":21,"column":53}},{"start":{"line":21,"column":53},"end":{"line":21,"column":53}}]}}},"contracts\\ProjectFactory.sol":{"l":{"18":0,"33":0,"38":0,"41":0,"51":0,"54":0,"55":0,"56":0,"58":0},"path":"C:\\Users\\Cha\\Desktop\\My Thesis\\IS_SmartContract\\contracts\\contracts\\ProjectFactory.sol","s":{"1":0,"2":0,"3":0,"4":0,"5":0,"6":0,"7":0,"8":0},"b":{},"f":{"1":0,"2":0},"fnMap":{"1":{"name":"constructor","line":17,"loc":{"start":{"line":17,"column":4},"end":{"line":19,"column":4}}},"2":{"name":"createProject","line":21,"loc":{"start":{"line":21,"column":4},"end":{"line":64,"column":4}}}},"statementMap":{"1":{"start":{"line":33,"column":8},"end":{"line":33,"column":830}},"2":{"start":{"line":38,"column":8},"end":{"line":38,"column":53}},"3":{"start":{"line":41,"column":8},"end":{"line":41,"column":1068}},"4":{"start":{"line":51,"column":8},"end":{"line":51,"column":63}},"5":{"start":{"line":54,"column":8},"end":{"line":54,"column":60}},"6":{"start":{"line":55,"column":8},"end":{"line":55,"column":49}},"7":{"start":{"line":56,"column":8},"end":{"line":56,"column":57}},"8":{"start":{"line":58,"column":8},"end":{"line":58,"column":1700}}},"branchMap":{}},"contracts\\ProjectManagement.sol":{"l":{"57":34,"58":34,"59":34,"60":34,"61":34,"62":34,"64":34,"65":33,"66":32,"67":32,"72":76,"73":70,"77":26,"78":24,"82":42,"83":41,"84":41,"86":40,"88":40,"89":39,"91":40,"92":40,"93":40,"95":40,"96":17,"102":12,"104":12,"105":12,"107":12,"108":12,"109":2,"112":12,"113":21,"114":21,"115":21,"116":21,"117":21,"121":12,"123":12,"124":11,"125":11,"126":11,"127":11,"132":3,"133":3,"135":2,"136":2,"138":2,"139":2,"142":2,"143":2,"147":6,"148":6,"149":6,"151":6,"152":6,"154":6,"155":5,"158":6,"159":5,"162":6,"166":54,"167":54,"172":48,"173":48,"178":4,"180":4,"181":4,"184":2,"185":2,"186":2,"190":4,"191":3,"192":3,"196":3,"197":3,"200":2,"203":2,"204":2},"path":"C:\\Users\\Cha\\Desktop\\My Thesis\\IS_SmartContract\\contracts\\contracts\\ProjectManagement.sol","s":{"1":34,"2":33,"3":76,"4":26,"5":42,"6":41,"7":41,"8":40,"9":40,"10":39,"11":40,"12":40,"13":12,"14":12,"15":12,"16":12,"17":12,"18":12,"19":21,"20":21,"21":21,"22":21,"23":12,"24":11,"25":11,"26":3,"27":3,"28":2,"29":2,"30":2,"31":2,"32":2,"33":2,"34":6,"35":6,"36":6,"37":6,"38":6,"39":6,"40":5,"41":6,"42":6,"43":54,"44":54,"45":4,"46":4,"47":4,"48":2,"49":2,"50":4,"51":3,"52":3,"53":3,"54":2,"55":2},"b":{"1":[33,1],"2":[32,1],"3":[70,6],"4":[24,2],"5":[42,1],"6":[42,0],"7":[41,1],"8":[40,1],"9":[39,1],"10":[17,23],"11":[14,1],"12":[12,2],"13":[12,0],"14":[2,10],"15":[21,0],"16":[11,1],"17":[11,0],"18":[3,1],"19":[3,0],"20":[3,0],"21":[2,1],"22":[2,0],"23":[7,0],"24":[6,1],"25":[6,0],"26":[5,1],"27":[5,1],"28":[4,0],"29":[2,2],"30":[4,1],"31":[3,1],"32":[3,0],"33":[3,1],"34":[3,0],"35":[2,1]},"f":{"1":34,"2":76,"3":26,"4":42,"5":12,"6":3,"7":6,"8":54,"9":48,"10":4,"11":4,"12":3},"fnMap":{"1":{"name":"constructor","line":55,"loc":{"start":{"line":45,"column":4},"end":{"line":68,"column":4}}},"2":{"name":"inState","line":71,"loc":{"start":{"line":71,"column":4},"end":{"line":74,"column":4}}},"3":{"name":"onlyCreator","line":76,"loc":{"start":{"line":76,"column":4},"end":{"line":79,"column":4}}},"4":{"name":"invest","line":81,"loc":{"start":{"line":81,"column":4},"end":{"line":98,"column":4}}},"5":{"name":"mintTokens","line":101,"loc":{"start":{"line":101,"column":4},"end":{"line":129,"column":4}}},"6":{"name":"withdrawFunds","line":131,"loc":{"start":{"line":131,"column":4},"end":{"line":144,"column":4}}},"7":{"name":"depositReward","line":146,"loc":{"start":{"line":146,"column":4},"end":{"line":163,"column":4}}},"8":{"name":"earned","line":165,"loc":{"start":{"line":165,"column":4},"end":{"line":168,"column":4}}},"9":{"name":"updateReward","line":170,"loc":{"start":{"line":170,"column":4},"end":{"line":174,"column":4}}},"10":{"name":"claimReward","line":176,"loc":{"start":{"line":176,"column":4},"end":{"line":187,"column":4}}},"11":{"name":"checkCampaignFailed","line":189,"loc":{"start":{"line":189,"column":4},"end":{"line":193,"column":4}}},"12":{"name":"claimRefund","line":195,"loc":{"start":{"line":195,"column":4},"end":{"line":205,"column":4}}}},"statementMap":{"1":{"start":{"line":64,"column":8},"end":{"line":64,"column":72}},"2":{"start":{"line":65,"column":8},"end":{"line":65,"column":68}},"3":{"start":{"line":72,"column":8},"end":{"line":72,"column":55}},"4":{"start":{"line":77,"column":8},"end":{"line":77,"column":56}},"5":{"start":{"line":82,"column":8},"end":{"line":82,"column":67}},"6":{"start":{"line":83,"column":8},"end":{"line":83,"column":66}},"7":{"start":{"line":84,"column":8},"end":{"line":84,"column":87}},"8":{"start":{"line":86,"column":8},"end":{"line":86,"column":68}},"9":{"start":{"line":88,"column":8},"end":{"line":88,"column":3420}},"10":{"start":{"line":89,"column":12},"end":{"line":89,"column":40}},"11":{"start":{"line":93,"column":8},"end":{"line":93,"column":45}},"12":{"start":{"line":95,"column":8},"end":{"line":95,"column":3665}},"13":{"start":{"line":102,"column":8},"end":{"line":102,"column":71}},"14":{"start":{"line":104,"column":8},"end":{"line":104,"column":55}},"15":{"start":{"line":105,"column":8},"end":{"line":105,"column":47}},"16":{"start":{"line":107,"column":8},"end":{"line":107,"column":37}},"17":{"start":{"line":108,"column":8},"end":{"line":108,"column":4140}},"18":{"start":{"line":112,"column":8},"end":{"line":112,"column":4231}},"19":{"start":{"line":113,"column":12},"end":{"line":113,"column":46}},"20":{"start":{"line":114,"column":12},"end":{"line":114,"column":4338}},"21":{"start":{"line":115,"column":16},"end":{"line":115,"column":62}},"22":{"start":{"line":116,"column":16},"end":{"line":116,"column":56}},"23":{"start":{"line":123,"column":8},"end":{"line":123,"column":4633}},"24":{"start":{"line":124,"column":12},"end":{"line":124,"column":75}},"25":{"start":{"line":127,"column":12},"end":{"line":127,"column":47}},"26":{"start":{"line":132,"column":8},"end":{"line":132,"column":59}},"27":{"start":{"line":133,"column":8},"end":{"line":133,"column":50}},"28":{"start":{"line":135,"column":8},"end":{"line":135,"column":70}},"29":{"start":{"line":136,"column":8},"end":{"line":136,"column":52}},"30":{"start":{"line":138,"column":8},"end":{"line":138,"column":5302}},"31":{"start":{"line":139,"column":12},"end":{"line":139,"column":51}},"32":{"start":{"line":142,"column":8},"end":{"line":142,"column":49}},"33":{"start":{"line":143,"column":8},"end":{"line":143,"column":55}},"34":{"start":{"line":147,"column":8},"end":{"line":147,"column":56}},"35":{"start":{"line":148,"column":8},"end":{"line":148,"column":66}},"36":{"start":{"line":149,"column":8},"end":{"line":149,"column":68}},"37":{"start":{"line":151,"column":8},"end":{"line":151,"column":72}},"38":{"start":{"line":152,"column":8},"end":{"line":152,"column":58}},"39":{"start":{"line":154,"column":8},"end":{"line":154,"column":5962}},"40":{"start":{"line":155,"column":12},"end":{"line":155,"column":51}},"41":{"start":{"line":158,"column":8},"end":{"line":158,"column":6062}},"42":{"start":{"line":162,"column":8},"end":{"line":162,"column":58}},"43":{"start":{"line":166,"column":8},"end":{"line":166,"column":131}},"44":{"start":{"line":167,"column":8},"end":{"line":167,"column":46}},"45":{"start":{"line":178,"column":8},"end":{"line":178,"column":31}},"46":{"start":{"line":180,"column":8},"end":{"line":180,"column":53}},"47":{"start":{"line":181,"column":8},"end":{"line":181,"column":58}},"48":{"start":{"line":185,"column":8},"end":{"line":185,"column":54}},"49":{"start":{"line":186,"column":8},"end":{"line":186,"column":55}},"50":{"start":{"line":190,"column":8},"end":{"line":190,"column":83}},"51":{"start":{"line":191,"column":8},"end":{"line":191,"column":82}},"52":{"start":{"line":196,"column":8},"end":{"line":196,"column":56}},"53":{"start":{"line":197,"column":8},"end":{"line":197,"column":61}},"54":{"start":{"line":203,"column":8},"end":{"line":203,"column":51}},"55":{"start":{"line":204,"column":8},"end":{"line":204,"column":47}}},"branchMap":{"1":{"line":64,"type":"if","locations":[{"start":{"line":64,"column":8},"end":{"line":64,"column":8}},{"start":{"line":64,"column":8},"end":{"line":64,"column":8}}]},"2":{"line":65,"type":"if","locations":[{"start":{"line":65,"column":8},"end":{"line":65,"column":8}},{"start":{"line":65,"column":8},"end":{"line":65,"column":8}}]},"3":{"line":72,"type":"if","locations":[{"start":{"line":72,"column":8},"end":{"line":72,"column":8}},{"start":{"line":72,"column":8},"end":{"line":72,"column":8}}]},"4":{"line":77,"type":"if","locations":[{"start":{"line":77,"column":8},"end":{"line":77,"column":8}},{"start":{"line":77,"column":8},"end":{"line":77,"column":8}}]},"5":{"line":81,"type":"if","locations":[{"start":{"line":81,"column":47},"end":{"line":81,"column":47}},{"start":{"line":81,"column":47},"end":{"line":81,"column":47}}]},"6":{"line":81,"type":"if","locations":[{"start":{"line":81,"column":70},"end":{"line":81,"column":70}},{"start":{"line":81,"column":70},"end":{"line":81,"column":70}}]},"7":{"line":82,"type":"if","locations":[{"start":{"line":82,"column":8},"end":{"line":82,"column":8}},{"start":{"line":82,"column":8},"end":{"line":82,"column":8}}]},"8":{"line":84,"type":"if","locations":[{"start":{"line":84,"column":8},"end":{"line":84,"column":8}},{"start":{"line":84,"column":8},"end":{"line":84,"column":8}}]},"9":{"line":88,"type":"if","locations":[{"start":{"line":88,"column":8},"end":{"line":88,"column":8}},{"start":{"line":88,"column":8},"end":{"line":88,"column":8}}]},"10":{"line":95,"type":"if","locations":[{"start":{"line":95,"column":8},"end":{"line":95,"column":8}},{"start":{"line":95,"column":8},"end":{"line":95,"column":8}}]},"11":{"line":101,"type":"if","locations":[{"start":{"line":101,"column":47},"end":{"line":101,"column":47}},{"start":{"line":101,"column":47},"end":{"line":101,"column":47}}]},"12":{"line":101,"type":"if","locations":[{"start":{"line":101,"column":59},"end":{"line":101,"column":59}},{"start":{"line":101,"column":59},"end":{"line":101,"column":59}}]},"13":{"line":102,"type":"if","locations":[{"start":{"line":102,"column":8},"end":{"line":102,"column":8}},{"start":{"line":102,"column":8},"end":{"line":102,"column":8}}]},"14":{"line":108,"type":"if","locations":[{"start":{"line":108,"column":8},"end":{"line":108,"column":8}},{"start":{"line":108,"column":8},"end":{"line":108,"column":8}}]},"15":{"line":114,"type":"if","locations":[{"start":{"line":114,"column":12},"end":{"line":114,"column":12}},{"start":{"line":114,"column":12},"end":{"line":114,"column":12}}]},"16":{"line":123,"type":"if","locations":[{"start":{"line":123,"column":8},"end":{"line":123,"column":8}},{"start":{"line":123,"column":8},"end":{"line":123,"column":8}}]},"17":{"line":124,"type":"if","locations":[{"start":{"line":124,"column":12},"end":{"line":124,"column":12}},{"start":{"line":124,"column":12},"end":{"line":124,"column":12}}]},"18":{"line":131,"type":"if","locations":[{"start":{"line":131,"column":36},"end":{"line":131,"column":36}},{"start":{"line":131,"column":36},"end":{"line":131,"column":36}}]},"19":{"line":131,"type":"if","locations":[{"start":{"line":131,"column":48},"end":{"line":131,"column":48}},{"start":{"line":131,"column":48},"end":{"line":131,"column":48}}]},"20":{"line":131,"type":"if","locations":[{"start":{"line":131,"column":70},"end":{"line":131,"column":70}},{"start":{"line":131,"column":70},"end":{"line":131,"column":70}}]},"21":{"line":133,"type":"if","locations":[{"start":{"line":133,"column":8},"end":{"line":133,"column":8}},{"start":{"line":133,"column":8},"end":{"line":133,"column":8}}]},"22":{"line":138,"type":"if","locations":[{"start":{"line":138,"column":8},"end":{"line":138,"column":8}},{"start":{"line":138,"column":8},"end":{"line":138,"column":8}}]},"23":{"line":146,"type":"if","locations":[{"start":{"line":146,"column":54},"end":{"line":146,"column":54}},{"start":{"line":146,"column":54},"end":{"line":146,"column":54}}]},"24":{"line":146,"type":"if","locations":[{"start":{"line":146,"column":66},"end":{"line":146,"column":66}},{"start":{"line":146,"column":66},"end":{"line":146,"column":66}}]},"25":{"line":148,"type":"if","locations":[{"start":{"line":148,"column":8},"end":{"line":148,"column":8}},{"start":{"line":148,"column":8},"end":{"line":148,"column":8}}]},"26":{"line":154,"type":"if","locations":[{"start":{"line":154,"column":8},"end":{"line":154,"column":8}},{"start":{"line":154,"column":8},"end":{"line":154,"column":8}}]},"27":{"line":158,"type":"if","locations":[{"start":{"line":158,"column":8},"end":{"line":158,"column":8}},{"start":{"line":158,"column":8},"end":{"line":158,"column":8}}]},"28":{"line":176,"type":"if","locations":[{"start":{"line":176,"column":34},"end":{"line":176,"column":34}},{"start":{"line":176,"column":34},"end":{"line":176,"column":34}}]},"29":{"line":181,"type":"if","locations":[{"start":{"line":181,"column":8},"end":{"line":181,"column":8}},{"start":{"line":181,"column":8},"end":{"line":181,"column":8}}]},"30":{"line":189,"type":"if","locations":[{"start":{"line":189,"column":42},"end":{"line":189,"column":42}},{"start":{"line":189,"column":42},"end":{"line":189,"column":42}}]},"31":{"line":190,"type":"if","locations":[{"start":{"line":190,"column":8},"end":{"line":190,"column":8}},{"start":{"line":190,"column":8},"end":{"line":190,"column":8}}]},"32":{"line":191,"type":"if","locations":[{"start":{"line":191,"column":8},"end":{"line":191,"column":8}},{"start":{"line":191,"column":8},"end":{"line":191,"column":8}}]},"33":{"line":195,"type":"if","locations":[{"start":{"line":195,"column":34},"end":{"line":195,"column":34}},{"start":{"line":195,"column":34},"end":{"line":195,"column":34}}]},"34":{"line":195,"type":"if","locations":[{"start":{"line":195,"column":56},"end":{"line":195,"column":56}},{"start":{"line":195,"column":56},"end":{"line":195,"column":56}}]},"35":{"line":197,"type":"if","locations":[{"start":{"line":197,"column":8},"end":{"line":197,"column":8}},{"start":{"line":197,"column":8},"end":{"line":197,"column":8}}]}}},"contracts\\ProjectToken.sol":{"l":{"29":0,"33":31,"34":31,"38":70,"39":70,"43":60,"44":58,"49":209,"51":22,"52":22,"54":209},"path":"C:\\Users\\Cha\\Desktop\\My Thesis\\IS_SmartContract\\contracts\\contracts\\ProjectToken.sol","s":{"1":0,"2":31,"3":70,"4":60,"5":58,"6":209,"7":22,"8":22,"9":209},"b":{"1":[31,0],"2":[70,1],"3":[58,2],"4":[22,187]},"f":{"1":77,"2":0,"3":31,"4":70,"5":60,"6":209},"fnMap":{"1":{"name":"constructor","line":24,"loc":{"start":{"line":17,"column":4},"end":{"line":26,"column":4}}},"2":{"name":"decimals","line":28,"loc":{"start":{"line":28,"column":4},"end":{"line":30,"column":4}}},"3":{"name":"setProjectManagement","line":32,"loc":{"start":{"line":32,"column":4},"end":{"line":35,"column":4}}},"4":{"name":"setMinter","line":37,"loc":{"start":{"line":37,"column":4},"end":{"line":40,"column":4}}},"5":{"name":"mint","line":42,"loc":{"start":{"line":42,"column":4},"end":{"line":45,"column":4}}},"6":{"name":"_update","line":48,"loc":{"start":{"line":48,"column":4},"end":{"line":55,"column":4}}}},"statementMap":{"1":{"start":{"line":29,"column":8},"end":{"line":29,"column":16}},"2":{"start":{"line":34,"column":8},"end":{"line":34,"column":54}},"3":{"start":{"line":39,"column":8},"end":{"line":39,"column":35}},"4":{"start":{"line":43,"column":8},"end":{"line":43,"column":78}},"5":{"start":{"line":44,"column":8},"end":{"line":44,"column":24}},"6":{"start":{"line":49,"column":8},"end":{"line":49,"column":1661}},"7":{"start":{"line":51,"column":12},"end":{"line":51,"column":47}},"8":{"start":{"line":52,"column":12},"end":{"line":52,"column":45}},"9":{"start":{"line":54,"column":8},"end":{"line":54,"column":37}}},"branchMap":{"1":{"line":32,"type":"if","locations":[{"start":{"line":32,"column":69},"end":{"line":32,"column":69}},{"start":{"line":32,"column":69},"end":{"line":32,"column":69}}]},"2":{"line":37,"type":"if","locations":[{"start":{"line":37,"column":47},"end":{"line":37,"column":47}},{"start":{"line":37,"column":47},"end":{"line":37,"column":47}}]},"3":{"line":43,"type":"if","locations":[{"start":{"line":43,"column":8},"end":{"line":43,"column":8}},{"start":{"line":43,"column":8},"end":{"line":43,"column":8}}]},"4":{"line":49,"type":"if","locations":[{"start":{"line":49,"column":8},"end":{"line":49,"column":8}},{"start":{"line":49,"column":8},"end":{"line":49,"column":8}}]}}}}